2023-01-12T07:13:25+00:00 CRITICAL Uncaught Error: Call to undefined function wp_trip_all_tags() in C:\xampp\htdocs\market\wp-content\themes\woostify\inc\widget\class-woostify-recent-post-thumbnail.php:148
Stack trace:
#0 C:\xampp\htdocs\market\wp-includes\class-wp-widget.php(457): Woostify_Recent_Post_Thumbnail->update(Array, Array)
#1 C:\xampp\htdocs\market\wp-admin\includes\ajax-actions.php(2395): WP_Widget->update_callback(Array)
#2 C:\xampp\htdocs\market\wp-includes\class-wp-hook.php(308): wp_ajax_save_widget('')
#3 C:\xampp\htdocs\market\wp-includes\class-wp-hook.php(332): WP_Hook->apply_filters(NULL, Array)
#4 C:\xampp\htdocs\market\wp-includes\plugin.php(517): WP_Hook->do_action(Array)
#5 C:\xampp\htdocs\market\wp-admin\admin-ajax.php(188): do_action('wp_ajax_save-wi...')
#6 {main}
  thrown in C:\xampp\htdocs\market\wp-content\themes\woostify\inc\widget\class-woostify-recent-post-thumbnail.php on line 148

2023-01-12T07:13:54+00:00 CRITICAL Uncaught Error: Call to undefined function wp_trip_all_tags() in C:\xampp\htdocs\market\wp-content\themes\woostify\inc\widget\class-woostify-recent-post-thumbnail.php:148
Stack trace:
#0 C:\xampp\htdocs\market\wp-includes\class-wp-widget.php(457): Woostify_Recent_Post_Thumbnail->update(Array, Array)
#1 C:\xampp\htdocs\market\wp-admin\includes\ajax-actions.php(2395): WP_Widget->update_callback(Array)
#2 C:\xampp\htdocs\market\wp-includes\class-wp-hook.php(308): wp_ajax_save_widget('')
#3 C:\xampp\htdocs\market\wp-includes\class-wp-hook.php(332): WP_Hook->apply_filters(NULL, Array)
#4 C:\xampp\htdocs\market\wp-includes\plugin.php(517): WP_Hook->do_action(Array)
#5 C:\xampp\htdocs\market\wp-admin\admin-ajax.php(188): do_action('wp_ajax_save-wi...')
#6 {main}
  thrown in C:\xampp\htdocs\market\wp-content\themes\woostify\inc\widget\class-woostify-recent-post-thumbnail.php on line 148

2023-01-12T07:14:44+00:00 CRITICAL Uncaught Error: Call to undefined function wp_trip_all_tags() in C:\xampp\htdocs\market\wp-content\themes\woostify\inc\widget\class-woostify-recent-post-thumbnail.php:148
Stack trace:
#0 C:\xampp\htdocs\market\wp-includes\class-wp-widget.php(457): Woostify_Recent_Post_Thumbnail->update(Array, Array)
#1 C:\xampp\htdocs\market\wp-admin\includes\ajax-actions.php(2395): WP_Widget->update_callback(Array)
#2 C:\xampp\htdocs\market\wp-includes\class-wp-hook.php(308): wp_ajax_save_widget('')
#3 C:\xampp\htdocs\market\wp-includes\class-wp-hook.php(332): WP_Hook->apply_filters(NULL, Array)
#4 C:\xampp\htdocs\market\wp-includes\plugin.php(517): WP_Hook->do_action(Array)
#5 C:\xampp\htdocs\market\wp-admin\admin-ajax.php(188): do_action('wp_ajax_save-wi...')
#6 {main}
  thrown in C:\xampp\htdocs\market\wp-content\themes\woostify\inc\widget\class-woostify-recent-post-thumbnail.php on line 148

2023-01-12T07:17:41+00:00 CRITICAL Uncaught Error: Call to undefined function wp_trip_all_tags() in C:\xampp\htdocs\market\wp-content\themes\woostify\inc\widget\class-woostify-recent-post-thumbnail.php:148
Stack trace:
#0 C:\xampp\htdocs\market\wp-includes\class-wp-widget.php(457): Woostify_Recent_Post_Thumbnail->update(Array, Array)
#1 C:\xampp\htdocs\market\wp-admin\includes\ajax-actions.php(2395): WP_Widget->update_callback(Array)
#2 C:\xampp\htdocs\market\wp-includes\class-wp-hook.php(308): wp_ajax_save_widget('')
#3 C:\xampp\htdocs\market\wp-includes\class-wp-hook.php(332): WP_Hook->apply_filters(NULL, Array)
#4 C:\xampp\htdocs\market\wp-includes\plugin.php(517): WP_Hook->do_action(Array)
#5 C:\xampp\htdocs\market\wp-admin\admin-ajax.php(188): do_action('wp_ajax_save-wi...')
#6 {main}
  thrown in C:\xampp\htdocs\market\wp-content\themes\woostify\inc\widget\class-woostify-recent-post-thumbnail.php on line 148

2023-01-12T07:17:43+00:00 CRITICAL Uncaught Error: Call to undefined function wp_trip_all_tags() in C:\xampp\htdocs\market\wp-content\themes\woostify\inc\widget\class-woostify-recent-post-thumbnail.php:148
Stack trace:
#0 C:\xampp\htdocs\market\wp-includes\class-wp-widget.php(457): Woostify_Recent_Post_Thumbnail->update(Array, Array)
#1 C:\xampp\htdocs\market\wp-admin\includes\ajax-actions.php(2395): WP_Widget->update_callback(Array)
#2 C:\xampp\htdocs\market\wp-includes\class-wp-hook.php(308): wp_ajax_save_widget('')
#3 C:\xampp\htdocs\market\wp-includes\class-wp-hook.php(332): WP_Hook->apply_filters(NULL, Array)
#4 C:\xampp\htdocs\market\wp-includes\plugin.php(517): WP_Hook->do_action(Array)
#5 C:\xampp\htdocs\market\wp-admin\admin-ajax.php(188): do_action('wp_ajax_save-wi...')
#6 {main}
  thrown in C:\xampp\htdocs\market\wp-content\themes\woostify\inc\widget\class-woostify-recent-post-thumbnail.php on line 148

2023-01-12T07:17:43+00:00 CRITICAL Uncaught Error: Call to undefined function wp_trip_all_tags() in C:\xampp\htdocs\market\wp-content\themes\woostify\inc\widget\class-woostify-recent-post-thumbnail.php:148
Stack trace:
#0 C:\xampp\htdocs\market\wp-includes\class-wp-widget.php(457): Woostify_Recent_Post_Thumbnail->update(Array, Array)
#1 C:\xampp\htdocs\market\wp-admin\includes\ajax-actions.php(2395): WP_Widget->update_callback(Array)
#2 C:\xampp\htdocs\market\wp-includes\class-wp-hook.php(308): wp_ajax_save_widget('')
#3 C:\xampp\htdocs\market\wp-includes\class-wp-hook.php(332): WP_Hook->apply_filters(NULL, Array)
#4 C:\xampp\htdocs\market\wp-includes\plugin.php(517): WP_Hook->do_action(Array)
#5 C:\xampp\htdocs\market\wp-admin\admin-ajax.php(188): do_action('wp_ajax_save-wi...')
#6 {main}
  thrown in C:\xampp\htdocs\market\wp-content\themes\woostify\inc\widget\class-woostify-recent-post-thumbnail.php on line 148

2023-01-12T07:17:43+00:00 CRITICAL Uncaught Error: Call to undefined function wp_trip_all_tags() in C:\xampp\htdocs\market\wp-content\themes\woostify\inc\widget\class-woostify-recent-post-thumbnail.php:148
Stack trace:
#0 C:\xampp\htdocs\market\wp-includes\class-wp-widget.php(457): Woostify_Recent_Post_Thumbnail->update(Array, Array)
#1 C:\xampp\htdocs\market\wp-admin\includes\ajax-actions.php(2395): WP_Widget->update_callback(Array)
#2 C:\xampp\htdocs\market\wp-includes\class-wp-hook.php(308): wp_ajax_save_widget('')
#3 C:\xampp\htdocs\market\wp-includes\class-wp-hook.php(332): WP_Hook->apply_filters(NULL, Array)
#4 C:\xampp\htdocs\market\wp-includes\plugin.php(517): WP_Hook->do_action(Array)
#5 C:\xampp\htdocs\market\wp-admin\admin-ajax.php(188): do_action('wp_ajax_save-wi...')
#6 {main}
  thrown in C:\xampp\htdocs\market\wp-content\themes\woostify\inc\widget\class-woostify-recent-post-thumbnail.php on line 148

2023-01-12T07:17:44+00:00 CRITICAL Uncaught Error: Call to undefined function wp_trip_all_tags() in C:\xampp\htdocs\market\wp-content\themes\woostify\inc\widget\class-woostify-recent-post-thumbnail.php:148
Stack trace:
#0 C:\xampp\htdocs\market\wp-includes\class-wp-widget.php(457): Woostify_Recent_Post_Thumbnail->update(Array, Array)
#1 C:\xampp\htdocs\market\wp-admin\includes\ajax-actions.php(2395): WP_Widget->update_callback(Array)
#2 C:\xampp\htdocs\market\wp-includes\class-wp-hook.php(308): wp_ajax_save_widget('')
#3 C:\xampp\htdocs\market\wp-includes\class-wp-hook.php(332): WP_Hook->apply_filters(NULL, Array)
#4 C:\xampp\htdocs\market\wp-includes\plugin.php(517): WP_Hook->do_action(Array)
#5 C:\xampp\htdocs\market\wp-admin\admin-ajax.php(188): do_action('wp_ajax_save-wi...')
#6 {main}
  thrown in C:\xampp\htdocs\market\wp-content\themes\woostify\inc\widget\class-woostify-recent-post-thumbnail.php on line 148

2023-01-12T07:18:01+00:00 CRITICAL Uncaught Error: Call to undefined function wp_trip_all_tags() in C:\xampp\htdocs\market\wp-content\themes\woostify\inc\widget\class-woostify-recent-post-thumbnail.php:148
Stack trace:
#0 C:\xampp\htdocs\market\wp-includes\class-wp-widget.php(457): Woostify_Recent_Post_Thumbnail->update(Array, Array)
#1 C:\xampp\htdocs\market\wp-admin\includes\ajax-actions.php(2395): WP_Widget->update_callback(Array)
#2 C:\xampp\htdocs\market\wp-includes\class-wp-hook.php(308): wp_ajax_save_widget('')
#3 C:\xampp\htdocs\market\wp-includes\class-wp-hook.php(332): WP_Hook->apply_filters(NULL, Array)
#4 C:\xampp\htdocs\market\wp-includes\plugin.php(517): WP_Hook->do_action(Array)
#5 C:\xampp\htdocs\market\wp-admin\admin-ajax.php(188): do_action('wp_ajax_save-wi...')
#6 {main}
  thrown in C:\xampp\htdocs\market\wp-content\themes\woostify\inc\widget\class-woostify-recent-post-thumbnail.php on line 148

2023-01-12T07:18:01+00:00 CRITICAL Uncaught Error: Call to undefined function wp_trip_all_tags() in C:\xampp\htdocs\market\wp-content\themes\woostify\inc\widget\class-woostify-recent-post-thumbnail.php:148
Stack trace:
#0 C:\xampp\htdocs\market\wp-includes\class-wp-widget.php(457): Woostify_Recent_Post_Thumbnail->update(Array, Array)
#1 C:\xampp\htdocs\market\wp-admin\includes\ajax-actions.php(2395): WP_Widget->update_callback(Array)
#2 C:\xampp\htdocs\market\wp-includes\class-wp-hook.php(308): wp_ajax_save_widget('')
#3 C:\xampp\htdocs\market\wp-includes\class-wp-hook.php(332): WP_Hook->apply_filters(NULL, Array)
#4 C:\xampp\htdocs\market\wp-includes\plugin.php(517): WP_Hook->do_action(Array)
#5 C:\xampp\htdocs\market\wp-admin\admin-ajax.php(188): do_action('wp_ajax_save-wi...')
#6 {main}
  thrown in C:\xampp\htdocs\market\wp-content\themes\woostify\inc\widget\class-woostify-recent-post-thumbnail.php on line 148

2023-01-12T07:18:01+00:00 CRITICAL Uncaught Error: Call to undefined function wp_trip_all_tags() in C:\xampp\htdocs\market\wp-content\themes\woostify\inc\widget\class-woostify-recent-post-thumbnail.php:148
Stack trace:
#0 C:\xampp\htdocs\market\wp-includes\class-wp-widget.php(457): Woostify_Recent_Post_Thumbnail->update(Array, Array)
#1 C:\xampp\htdocs\market\wp-admin\includes\ajax-actions.php(2395): WP_Widget->update_callback(Array)
#2 C:\xampp\htdocs\market\wp-includes\class-wp-hook.php(308): wp_ajax_save_widget('')
#3 C:\xampp\htdocs\market\wp-includes\class-wp-hook.php(332): WP_Hook->apply_filters(NULL, Array)
#4 C:\xampp\htdocs\market\wp-includes\plugin.php(517): WP_Hook->do_action(Array)
#5 C:\xampp\htdocs\market\wp-admin\admin-ajax.php(188): do_action('wp_ajax_save-wi...')
#6 {main}
  thrown in C:\xampp\htdocs\market\wp-content\themes\woostify\inc\widget\class-woostify-recent-post-thumbnail.php on line 148

2023-01-12T07:18:01+00:00 CRITICAL Uncaught Error: Call to undefined function wp_trip_all_tags() in C:\xampp\htdocs\market\wp-content\themes\woostify\inc\widget\class-woostify-recent-post-thumbnail.php:148
Stack trace:
#0 C:\xampp\htdocs\market\wp-includes\class-wp-widget.php(457): Woostify_Recent_Post_Thumbnail->update(Array, Array)
#1 C:\xampp\htdocs\market\wp-admin\includes\ajax-actions.php(2395): WP_Widget->update_callback(Array)
#2 C:\xampp\htdocs\market\wp-includes\class-wp-hook.php(308): wp_ajax_save_widget('')
#3 C:\xampp\htdocs\market\wp-includes\class-wp-hook.php(332): WP_Hook->apply_filters(NULL, Array)
#4 C:\xampp\htdocs\market\wp-includes\plugin.php(517): WP_Hook->do_action(Array)
#5 C:\xampp\htdocs\market\wp-admin\admin-ajax.php(188): do_action('wp_ajax_save-wi...')
#6 {main}
  thrown in C:\xampp\htdocs\market\wp-content\themes\woostify\inc\widget\class-woostify-recent-post-thumbnail.php on line 148

2023-01-12T07:19:41+00:00 CRITICAL Uncaught Error: Call to undefined function wp_trip_all_tags() in C:\xampp\htdocs\market\wp-content\themes\woostify\inc\widget\class-woostify-recent-post-thumbnail.php:148
Stack trace:
#0 C:\xampp\htdocs\market\wp-includes\class-wp-widget.php(457): Woostify_Recent_Post_Thumbnail->update(Array, Array)
#1 C:\xampp\htdocs\market\wp-admin\includes\ajax-actions.php(2395): WP_Widget->update_callback(Array)
#2 C:\xampp\htdocs\market\wp-includes\class-wp-hook.php(308): wp_ajax_save_widget('')
#3 C:\xampp\htdocs\market\wp-includes\class-wp-hook.php(332): WP_Hook->apply_filters(NULL, Array)
#4 C:\xampp\htdocs\market\wp-includes\plugin.php(517): WP_Hook->do_action(Array)
#5 C:\xampp\htdocs\market\wp-admin\admin-ajax.php(188): do_action('wp_ajax_save-wi...')
#6 {main}
  thrown in C:\xampp\htdocs\market\wp-content\themes\woostify\inc\widget\class-woostify-recent-post-thumbnail.php on line 148

2023-01-12T07:21:05+00:00 CRITICAL Uncaught Error: Call to undefined function wp_trip_all_tags() in C:\xampp\htdocs\market\wp-content\themes\woostify\inc\widget\class-woostify-recent-post-thumbnail.php:148
Stack trace:
#0 C:\xampp\htdocs\market\wp-includes\class-wp-widget.php(457): Woostify_Recent_Post_Thumbnail->update(Array, Array)
#1 C:\xampp\htdocs\market\wp-admin\includes\ajax-actions.php(2395): WP_Widget->update_callback(Array)
#2 C:\xampp\htdocs\market\wp-includes\class-wp-hook.php(308): wp_ajax_save_widget('')
#3 C:\xampp\htdocs\market\wp-includes\class-wp-hook.php(332): WP_Hook->apply_filters(NULL, Array)
#4 C:\xampp\htdocs\market\wp-includes\plugin.php(517): WP_Hook->do_action(Array)
#5 C:\xampp\htdocs\market\wp-admin\admin-ajax.php(188): do_action('wp_ajax_save-wi...')
#6 {main}
  thrown in C:\xampp\htdocs\market\wp-content\themes\woostify\inc\widget\class-woostify-recent-post-thumbnail.php on line 148

2023-01-12T07:22:31+00:00 CRITICAL Uncaught Error: Call to undefined function wp_trip_all_tags() in C:\xampp\htdocs\market\wp-content\themes\woostify\inc\widget\class-woostify-recent-post-thumbnail.php:148
Stack trace:
#0 C:\xampp\htdocs\market\wp-includes\class-wp-widget.php(457): Woostify_Recent_Post_Thumbnail->update(Array, Array)
#1 C:\xampp\htdocs\market\wp-admin\includes\ajax-actions.php(2395): WP_Widget->update_callback(Array)
#2 C:\xampp\htdocs\market\wp-includes\class-wp-hook.php(308): wp_ajax_save_widget('')
#3 C:\xampp\htdocs\market\wp-includes\class-wp-hook.php(332): WP_Hook->apply_filters(NULL, Array)
#4 C:\xampp\htdocs\market\wp-includes\plugin.php(517): WP_Hook->do_action(Array)
#5 C:\xampp\htdocs\market\wp-admin\admin-ajax.php(188): do_action('wp_ajax_save-wi...')
#6 {main}
  thrown in C:\xampp\htdocs\market\wp-content\themes\woostify\inc\widget\class-woostify-recent-post-thumbnail.php on line 148

2023-01-12T07:22:33+00:00 CRITICAL Uncaught Error: Call to undefined function wp_trip_all_tags() in C:\xampp\htdocs\market\wp-content\themes\woostify\inc\widget\class-woostify-recent-post-thumbnail.php:148
Stack trace:
#0 C:\xampp\htdocs\market\wp-includes\class-wp-widget.php(457): Woostify_Recent_Post_Thumbnail->update(Array, Array)
#1 C:\xampp\htdocs\market\wp-admin\includes\ajax-actions.php(2395): WP_Widget->update_callback(Array)
#2 C:\xampp\htdocs\market\wp-includes\class-wp-hook.php(308): wp_ajax_save_widget('')
#3 C:\xampp\htdocs\market\wp-includes\class-wp-hook.php(332): WP_Hook->apply_filters(NULL, Array)
#4 C:\xampp\htdocs\market\wp-includes\plugin.php(517): WP_Hook->do_action(Array)
#5 C:\xampp\htdocs\market\wp-admin\admin-ajax.php(188): do_action('wp_ajax_save-wi...')
#6 {main}
  thrown in C:\xampp\htdocs\market\wp-content\themes\woostify\inc\widget\class-woostify-recent-post-thumbnail.php on line 148

2023-01-12T07:22:34+00:00 CRITICAL Uncaught Error: Call to undefined function wp_trip_all_tags() in C:\xampp\htdocs\market\wp-content\themes\woostify\inc\widget\class-woostify-recent-post-thumbnail.php:148
Stack trace:
#0 C:\xampp\htdocs\market\wp-includes\class-wp-widget.php(457): Woostify_Recent_Post_Thumbnail->update(Array, Array)
#1 C:\xampp\htdocs\market\wp-admin\includes\ajax-actions.php(2395): WP_Widget->update_callback(Array)
#2 C:\xampp\htdocs\market\wp-includes\class-wp-hook.php(308): wp_ajax_save_widget('')
#3 C:\xampp\htdocs\market\wp-includes\class-wp-hook.php(332): WP_Hook->apply_filters(NULL, Array)
#4 C:\xampp\htdocs\market\wp-includes\plugin.php(517): WP_Hook->do_action(Array)
#5 C:\xampp\htdocs\market\wp-admin\admin-ajax.php(188): do_action('wp_ajax_save-wi...')
#6 {main}
  thrown in C:\xampp\htdocs\market\wp-content\themes\woostify\inc\widget\class-woostify-recent-post-thumbnail.php on line 148

2023-01-12T07:22:34+00:00 CRITICAL Uncaught Error: Call to undefined function wp_trip_all_tags() in C:\xampp\htdocs\market\wp-content\themes\woostify\inc\widget\class-woostify-recent-post-thumbnail.php:148
Stack trace:
#0 C:\xampp\htdocs\market\wp-includes\class-wp-widget.php(457): Woostify_Recent_Post_Thumbnail->update(Array, Array)
#1 C:\xampp\htdocs\market\wp-admin\includes\ajax-actions.php(2395): WP_Widget->update_callback(Array)
#2 C:\xampp\htdocs\market\wp-includes\class-wp-hook.php(308): wp_ajax_save_widget('')
#3 C:\xampp\htdocs\market\wp-includes\class-wp-hook.php(332): WP_Hook->apply_filters(NULL, Array)
#4 C:\xampp\htdocs\market\wp-includes\plugin.php(517): WP_Hook->do_action(Array)
#5 C:\xampp\htdocs\market\wp-admin\admin-ajax.php(188): do_action('wp_ajax_save-wi...')
#6 {main}
  thrown in C:\xampp\htdocs\market\wp-content\themes\woostify\inc\widget\class-woostify-recent-post-thumbnail.php on line 148

2023-01-12T07:22:34+00:00 CRITICAL Uncaught Error: Call to undefined function wp_trip_all_tags() in C:\xampp\htdocs\market\wp-content\themes\woostify\inc\widget\class-woostify-recent-post-thumbnail.php:148
Stack trace:
#0 C:\xampp\htdocs\market\wp-includes\class-wp-widget.php(457): Woostify_Recent_Post_Thumbnail->update(Array, Array)
#1 C:\xampp\htdocs\market\wp-admin\includes\ajax-actions.php(2395): WP_Widget->update_callback(Array)
#2 C:\xampp\htdocs\market\wp-includes\class-wp-hook.php(308): wp_ajax_save_widget('')
#3 C:\xampp\htdocs\market\wp-includes\class-wp-hook.php(332): WP_Hook->apply_filters(NULL, Array)
#4 C:\xampp\htdocs\market\wp-includes\plugin.php(517): WP_Hook->do_action(Array)
#5 C:\xampp\htdocs\market\wp-admin\admin-ajax.php(188): do_action('wp_ajax_save-wi...')
#6 {main}
  thrown in C:\xampp\htdocs\market\wp-content\themes\woostify\inc\widget\class-woostify-recent-post-thumbnail.php on line 148

2023-01-12T07:22:34+00:00 CRITICAL Uncaught Error: Call to undefined function wp_trip_all_tags() in C:\xampp\htdocs\market\wp-content\themes\woostify\inc\widget\class-woostify-recent-post-thumbnail.php:148
Stack trace:
#0 C:\xampp\htdocs\market\wp-includes\class-wp-widget.php(457): Woostify_Recent_Post_Thumbnail->update(Array, Array)
#1 C:\xampp\htdocs\market\wp-admin\includes\ajax-actions.php(2395): WP_Widget->update_callback(Array)
#2 C:\xampp\htdocs\market\wp-includes\class-wp-hook.php(308): wp_ajax_save_widget('')
#3 C:\xampp\htdocs\market\wp-includes\class-wp-hook.php(332): WP_Hook->apply_filters(NULL, Array)
#4 C:\xampp\htdocs\market\wp-includes\plugin.php(517): WP_Hook->do_action(Array)
#5 C:\xampp\htdocs\market\wp-admin\admin-ajax.php(188): do_action('wp_ajax_save-wi...')
#6 {main}
  thrown in C:\xampp\htdocs\market\wp-content\themes\woostify\inc\widget\class-woostify-recent-post-thumbnail.php on line 148

2023-01-12T07:22:34+00:00 CRITICAL Uncaught Error: Call to undefined function wp_trip_all_tags() in C:\xampp\htdocs\market\wp-content\themes\woostify\inc\widget\class-woostify-recent-post-thumbnail.php:148
Stack trace:
#0 C:\xampp\htdocs\market\wp-includes\class-wp-widget.php(457): Woostify_Recent_Post_Thumbnail->update(Array, Array)
#1 C:\xampp\htdocs\market\wp-admin\includes\ajax-actions.php(2395): WP_Widget->update_callback(Array)
#2 C:\xampp\htdocs\market\wp-includes\class-wp-hook.php(308): wp_ajax_save_widget('')
#3 C:\xampp\htdocs\market\wp-includes\class-wp-hook.php(332): WP_Hook->apply_filters(NULL, Array)
#4 C:\xampp\htdocs\market\wp-includes\plugin.php(517): WP_Hook->do_action(Array)
#5 C:\xampp\htdocs\market\wp-admin\admin-ajax.php(188): do_action('wp_ajax_save-wi...')
#6 {main}
  thrown in C:\xampp\htdocs\market\wp-content\themes\woostify\inc\widget\class-woostify-recent-post-thumbnail.php on line 148

2023-01-12T07:22:35+00:00 CRITICAL Uncaught Error: Call to undefined function wp_trip_all_tags() in C:\xampp\htdocs\market\wp-content\themes\woostify\inc\widget\class-woostify-recent-post-thumbnail.php:148
Stack trace:
#0 C:\xampp\htdocs\market\wp-includes\class-wp-widget.php(457): Woostify_Recent_Post_Thumbnail->update(Array, Array)
#1 C:\xampp\htdocs\market\wp-admin\includes\ajax-actions.php(2395): WP_Widget->update_callback(Array)
#2 C:\xampp\htdocs\market\wp-includes\class-wp-hook.php(308): wp_ajax_save_widget('')
#3 C:\xampp\htdocs\market\wp-includes\class-wp-hook.php(332): WP_Hook->apply_filters(NULL, Array)
#4 C:\xampp\htdocs\market\wp-includes\plugin.php(517): WP_Hook->do_action(Array)
#5 C:\xampp\htdocs\market\wp-admin\admin-ajax.php(188): do_action('wp_ajax_save-wi...')
#6 {main}
  thrown in C:\xampp\htdocs\market\wp-content\themes\woostify\inc\widget\class-woostify-recent-post-thumbnail.php on line 148

2023-01-12T07:24:01+00:00 CRITICAL Uncaught Error: Call to undefined function wp_trip_all_tags() in C:\xampp\htdocs\market\wp-content\themes\woostify\inc\widget\class-woostify-recent-post-thumbnail.php:148
Stack trace:
#0 C:\xampp\htdocs\market\wp-includes\class-wp-widget.php(457): Woostify_Recent_Post_Thumbnail->update(Array, Array)
#1 C:\xampp\htdocs\market\wp-admin\includes\ajax-actions.php(2395): WP_Widget->update_callback(Array)
#2 C:\xampp\htdocs\market\wp-includes\class-wp-hook.php(308): wp_ajax_save_widget('')
#3 C:\xampp\htdocs\market\wp-includes\class-wp-hook.php(332): WP_Hook->apply_filters(NULL, Array)
#4 C:\xampp\htdocs\market\wp-includes\plugin.php(517): WP_Hook->do_action(Array)
#5 C:\xampp\htdocs\market\wp-admin\admin-ajax.php(188): do_action('wp_ajax_save-wi...')
#6 {main}
  thrown in C:\xampp\htdocs\market\wp-content\themes\woostify\inc\widget\class-woostify-recent-post-thumbnail.php on line 148

